<?xml version="1.0" encoding="UTF-8"?>
<!-- Generated by org.testng.reporters.JUnitXMLReporter -->
<testsuite ignored="4" hostname="KetkiS-SAG" failures="0" tests="3" name="GroupsTest" time="0.065" errors="0" timestamp="2024-06-08T20:43:16 IST">
  <testcase classname="day2_19052024.GroupDemo" name="test3" time="0.015"/>
  <testcase classname="day2_19052024.GroupDemo" name="test6" time="0.002"/>
  <testcase classname="day2_19052024.GroupDemo" name="test7" time="0.001"/>
  <testcase classname="day2_19052024.GroupDemo" name="test4" time="0.0">
    <ignored/>
  </testcase> <!-- test4 -->
  <testcase classname="day2_19052024.GroupDemo" name="test1" time="0.0">
    <ignored/>
  </testcase> <!-- test1 -->
  <testcase classname="day2_19052024.GroupDemo" name="test5" time="0.0">
    <ignored/>
  </testcase> <!-- test5 -->
  <testcase classname="day2_19052024.GroupDemo" name="test2" time="0.0">
    <ignored/>
  </testcase> <!-- test2 -->
</testsuite> <!-- GroupsTest -->
